Determining if the pthread_create exist failed with the following output:
Change Dir: /home/achariso/Desktop/EmbeddedSystems/Projects/Final/cmake-build-debug/CMakeFiles/CMakeTmp

Run Build Command:"/usr/bin/make" "cmTC_bf791/fast"
/usr/bin/make -f CMakeFiles/cmTC_bf791.dir/build.make CMakeFiles/cmTC_bf791.dir/build
make[1]: Entering directory '/home/achariso/Desktop/EmbeddedSystems/Projects/Final/cmake-build-debug/CMakeFiles/CMakeTmp'
Building C object CMakeFiles/cmTC_bf791.dir/CheckSymbolExists.c.o
/usr/bin/cc    -o CMakeFiles/cmTC_bf791.dir/CheckSymbolExists.c.o   -c /home/achariso/Desktop/EmbeddedSystems/Projects/Final/cmake-build-debug/CMakeFiles/CMakeTmp/CheckSymbolExists.c
Linking C executable cmTC_bf791
/home/achariso/.local/share/JetBrains/Toolbox/apps/CLion/ch-0/183.5429.37/bin/cmake/linux/bin/cmake -E cmake_link_script CMakeFiles/cmTC_bf791.dir/link.txt --verbose=1
/usr/bin/cc      -rdynamic CMakeFiles/cmTC_bf791.dir/CheckSymbolExists.c.o  -o cmTC_bf791 
/usr/bin/ld: CMakeFiles/cmTC_bf791.dir/CheckSymbolExists.c.o: in function `main':
CheckSymbolExists.c:(.text+0x1b): undefined reference to `pthread_create'
collect2: error: ld returned 1 exit status
make[1]: *** [CMakeFiles/cmTC_bf791.dir/build.make:87: cmTC_bf791] Error 1
make[1]: Leaving directory '/home/achariso/Desktop/EmbeddedSystems/Projects/Final/cmake-build-debug/CMakeFiles/CMakeTmp'
make: *** [Makefile:121: cmTC_bf791/fast] Error 2

File /home/achariso/Desktop/EmbeddedSystems/Projects/Final/cmake-build-debug/CMakeFiles/CMakeTmp/CheckSymbolExists.c:
/* */
#include <pthread.h>

int main(int argc, char** argv)
{
  (void)argv;
#ifndef pthread_create
  return ((int*)(&pthread_create))[argc];
#else
  (void)argc;
  return 0;
#endif
}

Determining if the function pthread_create exists in the pthreads failed with the following output:
Change Dir: /home/achariso/Desktop/EmbeddedSystems/Projects/Final/cmake-build-debug/CMakeFiles/CMakeTmp

Run Build Command:"/usr/bin/make" "cmTC_25307/fast"
/usr/bin/make -f CMakeFiles/cmTC_25307.dir/build.make CMakeFiles/cmTC_25307.dir/build
make[1]: Entering directory '/home/achariso/Desktop/EmbeddedSystems/Projects/Final/cmake-build-debug/CMakeFiles/CMakeTmp'
Building C object CMakeFiles/cmTC_25307.dir/CheckFunctionExists.c.o
/usr/bin/cc   -DCHECK_FUNCTION_EXISTS=pthread_create   -o CMakeFiles/cmTC_25307.dir/CheckFunctionExists.c.o   -c /home/achariso/.local/share/JetBrains/Toolbox/apps/CLion/ch-0/183.5429.37/bin/cmake/linux/share/cmake-3.13/Modules/CheckFunctionExists.c
Linking C executable cmTC_25307
/home/achariso/.local/share/JetBrains/Toolbox/apps/CLion/ch-0/183.5429.37/bin/cmake/linux/bin/cmake -E cmake_link_script CMakeFiles/cmTC_25307.dir/link.txt --verbose=1
/usr/bin/cc  -DCHECK_FUNCTION_EXISTS=pthread_create    -rdynamic CMakeFiles/cmTC_25307.dir/CheckFunctionExists.c.o  -o cmTC_25307 -lpthreads 
/usr/bin/ld: cannot find -lpthreads
collect2: error: ld returned 1 exit status
make[1]: *** [CMakeFiles/cmTC_25307.dir/build.make:87: cmTC_25307] Error 1
make[1]: Leaving directory '/home/achariso/Desktop/EmbeddedSystems/Projects/Final/cmake-build-debug/CMakeFiles/CMakeTmp'
make: *** [Makefile:121: cmTC_25307/fast] Error 2


