Determining if the pthread_create exist failed with the following output:
Change Dir: /home/achariso/Desktop/Embedded Systems/Projects/Final/cmake-build-debug/CMakeFiles/CMakeTmp

Run Build Command:"/usr/bin/make" "cmTC_b851e/fast"
/usr/bin/make -f CMakeFiles/cmTC_b851e.dir/build.make CMakeFiles/cmTC_b851e.dir/build
make[1]: Entering directory '/home/achariso/Desktop/Embedded Systems/Projects/Final/cmake-build-debug/CMakeFiles/CMakeTmp'
Building C object CMakeFiles/cmTC_b851e.dir/CheckSymbolExists.c.o
/usr/bin/cc    -o CMakeFiles/cmTC_b851e.dir/CheckSymbolExists.c.o   -c "/home/achariso/Desktop/Embedded Systems/Projects/Final/cmake-build-debug/CMakeFiles/CMakeTmp/CheckSymbolExists.c"
Linking C executable cmTC_b851e
/home/achariso/.local/share/JetBrains/Toolbox/apps/CLion/ch-0/183.5429.37/bin/cmake/linux/bin/cmake -E cmake_link_script CMakeFiles/cmTC_b851e.dir/link.txt --verbose=1
/usr/bin/cc      -rdynamic CMakeFiles/cmTC_b851e.dir/CheckSymbolExists.c.o  -o cmTC_b851e 
/usr/bin/ld: CMakeFiles/cmTC_b851e.dir/CheckSymbolExists.c.o: in function `main':
CheckSymbolExists.c:(.text+0x1b): undefined reference to `pthread_create'
collect2: error: ld returned 1 exit status
make[1]: *** [CMakeFiles/cmTC_b851e.dir/build.make:87: cmTC_b851e] Error 1
make[1]: Leaving directory '/home/achariso/Desktop/Embedded Systems/Projects/Final/cmake-build-debug/CMakeFiles/CMakeTmp'
make: *** [Makefile:121: cmTC_b851e/fast] Error 2

File /home/achariso/Desktop/Embedded Systems/Projects/Final/cmake-build-debug/CMakeFiles/CMakeTmp/CheckSymbolExists.c:
/* */
#include <pthread.h>

int main(int argc, char** argv)
{
  (void)argv;
#ifndef pthread_create
  return ((int*)(&pthread_create))[argc];
#else
  (void)argc;
  return 0;
#endif
}

Determining if the function pthread_create exists in the pthreads failed with the following output:
Change Dir: /home/achariso/Desktop/Embedded Systems/Projects/Final/cmake-build-debug/CMakeFiles/CMakeTmp

Run Build Command:"/usr/bin/make" "cmTC_e5d7f/fast"
/usr/bin/make -f CMakeFiles/cmTC_e5d7f.dir/build.make CMakeFiles/cmTC_e5d7f.dir/build
make[1]: Entering directory '/home/achariso/Desktop/Embedded Systems/Projects/Final/cmake-build-debug/CMakeFiles/CMakeTmp'
Building C object CMakeFiles/cmTC_e5d7f.dir/CheckFunctionExists.c.o
/usr/bin/cc   -DCHECK_FUNCTION_EXISTS=pthread_create   -o CMakeFiles/cmTC_e5d7f.dir/CheckFunctionExists.c.o   -c /home/achariso/.local/share/JetBrains/Toolbox/apps/CLion/ch-0/183.5429.37/bin/cmake/linux/share/cmake-3.13/Modules/CheckFunctionExists.c
Linking C executable cmTC_e5d7f
/home/achariso/.local/share/JetBrains/Toolbox/apps/CLion/ch-0/183.5429.37/bin/cmake/linux/bin/cmake -E cmake_link_script CMakeFiles/cmTC_e5d7f.dir/link.txt --verbose=1
/usr/bin/cc  -DCHECK_FUNCTION_EXISTS=pthread_create    -rdynamic CMakeFiles/cmTC_e5d7f.dir/CheckFunctionExists.c.o  -o cmTC_e5d7f -lpthreads 
/usr/bin/ld: cannot find -lpthreads
collect2: error: ld returned 1 exit status
make[1]: *** [CMakeFiles/cmTC_e5d7f.dir/build.make:87: cmTC_e5d7f] Error 1
make[1]: Leaving directory '/home/achariso/Desktop/Embedded Systems/Projects/Final/cmake-build-debug/CMakeFiles/CMakeTmp'
make: *** [Makefile:121: cmTC_e5d7f/fast] Error 2


Determining if the include file io.h exists failed with the following output:
Change Dir: /home/achariso/Desktop/Embedded Systems/Projects/Final/cmake-build-debug/CMakeFiles/CMakeTmp

Run Build Command:"/usr/bin/make" "cmTC_beb2a/fast"
/usr/bin/make -f CMakeFiles/cmTC_beb2a.dir/build.make CMakeFiles/cmTC_beb2a.dir/build
make[1]: Entering directory '/home/achariso/Desktop/Embedded Systems/Projects/Final/cmake-build-debug/CMakeFiles/CMakeTmp'
Building C object CMakeFiles/cmTC_beb2a.dir/CheckIncludeFile.c.o
/usr/bin/cc   -fPIE   -o CMakeFiles/cmTC_beb2a.dir/CheckIncludeFile.c.o   -c "/home/achariso/Desktop/Embedded Systems/Projects/Final/cmake-build-debug/CMakeFiles/CMakeTmp/CheckIncludeFile.c"
/home/achariso/Desktop/Embedded Systems/Projects/Final/cmake-build-debug/CMakeFiles/CMakeTmp/CheckIncludeFile.c:1:10: fatal error: io.h: No such file or directory
 #include <io.h>
          ^~~~~~
compilation terminated.
make[1]: *** [CMakeFiles/cmTC_beb2a.dir/build.make:66: CMakeFiles/cmTC_beb2a.dir/CheckIncludeFile.c.o] Error 1
make[1]: Leaving directory '/home/achariso/Desktop/Embedded Systems/Projects/Final/cmake-build-debug/CMakeFiles/CMakeTmp'
make: *** [Makefile:121: cmTC_beb2a/fast] Error 2


