Determining if the pthread_create exist failed with the following output:
Change Dir: /home/achariso/Desktop/EmbeddedSystems/Projects/Final/cmake-build-release-raspberry-pi-zero/CMakeFiles/CMakeTmp

Run Build Command(s):/usr/bin/make cmTC_13355/fast 
/usr/bin/make -f CMakeFiles/cmTC_13355.dir/build.make CMakeFiles/cmTC_13355.dir/build
make[1]: Entering directory '/home/achariso/Desktop/EmbeddedSystems/Projects/Final/cmake-build-release-raspberry-pi-zero/CMakeFiles/CMakeTmp'
Building C object CMakeFiles/cmTC_13355.dir/CheckSymbolExists.c.o
"/home/achariso/Desktop/EmbeddedSystems/Projects/Rasberry Pi Zero - Dependencies/cross-pi-gcc-9.1.0-0/bin/arm-linux-gnueabihf-gcc"    -o CMakeFiles/cmTC_13355.dir/CheckSymbolExists.c.o   -c /home/achariso/Desktop/EmbeddedSystems/Projects/Final/cmake-build-release-raspberry-pi-zero/CMakeFiles/CMakeTmp/CheckSymbolExists.c
Linking C executable cmTC_13355
/home/achariso/.local/share/JetBrains/Toolbox/apps/CLion/ch-0/192.6262.62/bin/cmake/linux/bin/cmake -E cmake_link_script CMakeFiles/cmTC_13355.dir/link.txt --verbose=1
"/home/achariso/Desktop/EmbeddedSystems/Projects/Rasberry Pi Zero - Dependencies/cross-pi-gcc-9.1.0-0/bin/arm-linux-gnueabihf-gcc"      -rdynamic CMakeFiles/cmTC_13355.dir/CheckSymbolExists.c.o  -o cmTC_13355 
CMakeFiles/cmTC_13355.dir/CheckSymbolExists.c.o: In function `main':
CheckSymbolExists.c:(.text+0x38): undefined reference to `pthread_create'
collect2: error: ld returned 1 exit status
make[1]: *** [CMakeFiles/cmTC_13355.dir/build.make:87: cmTC_13355] Error 1
make[1]: Leaving directory '/home/achariso/Desktop/EmbeddedSystems/Projects/Final/cmake-build-release-raspberry-pi-zero/CMakeFiles/CMakeTmp'
make: *** [Makefile:121: cmTC_13355/fast] Error 2

File /home/achariso/Desktop/EmbeddedSystems/Projects/Final/cmake-build-release-raspberry-pi-zero/CMakeFiles/CMakeTmp/CheckSymbolExists.c:
/* */
#include <pthread.h>

int main(int argc, char** argv)
{
  (void)argv;
#ifndef pthread_create
  return ((int*)(&pthread_create))[argc];
#else
  (void)argc;
  return 0;
#endif
}

Determining if the function pthread_create exists in the pthreads failed with the following output:
Change Dir: /home/achariso/Desktop/EmbeddedSystems/Projects/Final/cmake-build-release-raspberry-pi-zero/CMakeFiles/CMakeTmp

Run Build Command(s):/usr/bin/make cmTC_051c4/fast 
/usr/bin/make -f CMakeFiles/cmTC_051c4.dir/build.make CMakeFiles/cmTC_051c4.dir/build
make[1]: Entering directory '/home/achariso/Desktop/EmbeddedSystems/Projects/Final/cmake-build-release-raspberry-pi-zero/CMakeFiles/CMakeTmp'
Building C object CMakeFiles/cmTC_051c4.dir/CheckFunctionExists.c.o
"/home/achariso/Desktop/EmbeddedSystems/Projects/Rasberry Pi Zero - Dependencies/cross-pi-gcc-9.1.0-0/bin/arm-linux-gnueabihf-gcc"   -DCHECK_FUNCTION_EXISTS=pthread_create   -o CMakeFiles/cmTC_051c4.dir/CheckFunctionExists.c.o   -c /home/achariso/.local/share/JetBrains/Toolbox/apps/CLion/ch-0/192.6262.62/bin/cmake/linux/share/cmake-3.14/Modules/CheckFunctionExists.c
Linking C executable cmTC_051c4
/home/achariso/.local/share/JetBrains/Toolbox/apps/CLion/ch-0/192.6262.62/bin/cmake/linux/bin/cmake -E cmake_link_script CMakeFiles/cmTC_051c4.dir/link.txt --verbose=1
"/home/achariso/Desktop/EmbeddedSystems/Projects/Rasberry Pi Zero - Dependencies/cross-pi-gcc-9.1.0-0/bin/arm-linux-gnueabihf-gcc"  -DCHECK_FUNCTION_EXISTS=pthread_create    -rdynamic CMakeFiles/cmTC_051c4.dir/CheckFunctionExists.c.o  -o cmTC_051c4 -lpthreads 
/home/achariso/Desktop/EmbeddedSystems/Projects/Rasberry Pi Zero - Dependencies/cross-pi-gcc-9.1.0-0/bin/../lib/gcc/arm-linux-gnueabihf/9.1.0/../../../../arm-linux-gnueabihf/bin/ld: cannot find -lpthreads
collect2: error: ld returned 1 exit status
make[1]: *** [CMakeFiles/cmTC_051c4.dir/build.make:87: cmTC_051c4] Error 1
make[1]: Leaving directory '/home/achariso/Desktop/EmbeddedSystems/Projects/Final/cmake-build-release-raspberry-pi-zero/CMakeFiles/CMakeTmp'
make: *** [Makefile:121: cmTC_051c4/fast] Error 2


